<?xml version="1.0" encoding="UTF-8"?>
<testsuite xmlns:xsi="http://www.w3.org/2001/XMLSchema-instance" xsi:noNamespaceSchemaLocation="https://maven.apache.org/surefire/maven-surefire-plugin/xsd/surefire-test-report.xsd" name="com.example.routes.RoutesApplicationTests" time="10.159" tests="1" errors="0" skipped="0" failures="0">
  <properties>
    <property name="java.specification.version" value="19"/>
    <property name="sun.jnu.encoding" value="UTF-8"/>
    <property name="java.class.path" value="/Users/maxkuznetsov/Desktop/GitHub Desktop Folders/soa-3/routes/target/test-classes:/Users/maxkuznetsov/Desktop/GitHub Desktop Folders/soa-3/routes/target/classes:/Users/maxkuznetsov/.m2/repository/org/springframework/cloud/spring-cloud-starter-consul-discovery/3.1.4/spring-cloud-starter-consul-discovery-3.1.4.jar:/Users/maxkuznetsov/.m2/repository/org/springframework/cloud/spring-cloud-starter-consul/3.1.4/spring-cloud-starter-consul-3.1.4.jar:/Users/maxkuznetsov/.m2/repository/org/springframework/cloud/spring-cloud-starter/3.1.7/spring-cloud-starter-3.1.7.jar:/Users/maxkuznetsov/.m2/repository/org/springframework/cloud/spring-cloud-context/3.1.7/spring-cloud-context-3.1.7.jar:/Users/maxkuznetsov/.m2/repository/org/springframework/security/spring-security-crypto/5.6.1/spring-security-crypto-5.6.1.jar:/Users/maxkuznetsov/.m2/repository/org/springframework/cloud/spring-cloud-commons/3.1.7/spring-cloud-commons-3.1.7.jar:/Users/maxkuznetsov/.m2/repository/org/springframework/security/spring-security-rsa/1.0.11.RELEASE/spring-security-rsa-1.0.11.RELEASE.jar:/Users/maxkuznetsov/.m2/repository/org/bouncycastle/bcpkix-jdk15on/1.69/bcpkix-jdk15on-1.69.jar:/Users/maxkuznetsov/.m2/repository/org/bouncycastle/bcprov-jdk15on/1.69/bcprov-jdk15on-1.69.jar:/Users/maxkuznetsov/.m2/repository/org/bouncycastle/bcutil-jdk15on/1.69/bcutil-jdk15on-1.69.jar:/Users/maxkuznetsov/.m2/repository/org/springframework/cloud/spring-cloud-consul-core/3.1.4/spring-cloud-consul-core-3.1.4.jar:/Users/maxkuznetsov/.m2/repository/com/ecwid/consul/consul-api/1.4.5/consul-api-1.4.5.jar:/Users/maxkuznetsov/.m2/repository/com/google/code/gson/gson/2.8.9/gson-2.8.9.jar:/Users/maxkuznetsov/.m2/repository/org/apache/httpcomponents/httpclient/4.5.13/httpclient-4.5.13.jar:/Users/maxkuznetsov/.m2/repository/org/apache/httpcomponents/httpcore/4.4.15/httpcore-4.4.15.jar:/Users/maxkuznetsov/.m2/repository/org/springframework/cloud/spring-cloud-consul-discovery/3.1.4/spring-cloud-consul-discovery-3.1.4.jar:/Users/maxkuznetsov/.m2/repository/org/springframework/cloud/spring-cloud-starter-loadbalancer/3.1.7/spring-cloud-starter-loadbalancer-3.1.7.jar:/Users/maxkuznetsov/.m2/repository/org/springframework/cloud/spring-cloud-loadbalancer/3.1.7/spring-cloud-loadbalancer-3.1.7.jar:/Users/maxkuznetsov/.m2/repository/io/projectreactor/reactor-core/3.4.13/reactor-core-3.4.13.jar:/Users/maxkuznetsov/.m2/repository/org/reactivestreams/reactive-streams/1.0.3/reactive-streams-1.0.3.jar:/Users/maxkuznetsov/.m2/repository/io/projectreactor/addons/reactor-extra/3.4.6/reactor-extra-3.4.6.jar:/Users/maxkuznetsov/.m2/repository/org/springframework/boot/spring-boot-starter-cache/2.6.2/spring-boot-starter-cache-2.6.2.jar:/Users/maxkuznetsov/.m2/repository/org/springframework/spring-context-support/5.3.14/spring-context-support-5.3.14.jar:/Users/maxkuznetsov/.m2/repository/com/stoyanr/evictor/1.0.0/evictor-1.0.0.jar:/Users/maxkuznetsov/.m2/repository/org/springframework/boot/spring-boot-starter-actuator/2.6.2/spring-boot-starter-actuator-2.6.2.jar:/Users/maxkuznetsov/.m2/repository/org/springframework/boot/spring-boot-starter/2.6.2/spring-boot-starter-2.6.2.jar:/Users/maxkuznetsov/.m2/repository/org/springframework/boot/spring-boot/2.6.2/spring-boot-2.6.2.jar:/Users/maxkuznetsov/.m2/repository/org/springframework/boot/spring-boot-autoconfigure/2.6.2/spring-boot-autoconfigure-2.6.2.jar:/Users/maxkuznetsov/.m2/repository/org/springframework/boot/spring-boot-starter-logging/2.6.2/spring-boot-starter-logging-2.6.2.jar:/Users/maxkuznetsov/.m2/repository/ch/qos/logback/logback-classic/1.2.9/logback-classic-1.2.9.jar:/Users/maxkuznetsov/.m2/repository/ch/qos/logback/logback-core/1.2.9/logback-core-1.2.9.jar:/Users/maxkuznetsov/.m2/repository/org/apache/logging/log4j/log4j-to-slf4j/2.17.0/log4j-to-slf4j-2.17.0.jar:/Users/maxkuznetsov/.m2/repository/org/apache/logging/log4j/log4j-api/2.17.0/log4j-api-2.17.0.jar:/Users/maxkuznetsov/.m2/repository/org/slf4j/jul-to-slf4j/1.7.32/jul-to-slf4j-1.7.32.jar:/Users/maxkuznetsov/.m2/repository/jakarta/annotation/jakarta.annotation-api/1.3.5/jakarta.annotation-api-1.3.5.jar:/Users/maxkuznetsov/.m2/repository/org/yaml/snakeyaml/1.29/snakeyaml-1.29.jar:/Users/maxkuznetsov/.m2/repository/org/springframework/boot/spring-boot-actuator-autoconfigure/2.6.2/spring-boot-actuator-autoconfigure-2.6.2.jar:/Users/maxkuznetsov/.m2/repository/org/springframework/boot/spring-boot-actuator/2.6.2/spring-boot-actuator-2.6.2.jar:/Users/maxkuznetsov/.m2/repository/com/fasterxml/jackson/datatype/jackson-datatype-jsr310/2.13.1/jackson-datatype-jsr310-2.13.1.jar:/Users/maxkuznetsov/.m2/repository/io/micrometer/micrometer-core/1.8.1/micrometer-core-1.8.1.jar:/Users/maxkuznetsov/.m2/repository/org/hdrhistogram/HdrHistogram/2.1.12/HdrHistogram-2.1.12.jar:/Users/maxkuznetsov/.m2/repository/org/latencyutils/LatencyUtils/2.0.3/LatencyUtils-2.0.3.jar:/Users/maxkuznetsov/.m2/repository/org/springframework/boot/spring-boot-starter-web/2.6.2/spring-boot-starter-web-2.6.2.jar:/Users/maxkuznetsov/.m2/repository/org/springframework/boot/spring-boot-starter-json/2.6.2/spring-boot-starter-json-2.6.2.jar:/Users/maxkuznetsov/.m2/repository/com/fasterxml/jackson/datatype/jackson-datatype-jdk8/2.13.1/jackson-datatype-jdk8-2.13.1.jar:/Users/maxkuznetsov/.m2/repository/com/fasterxml/jackson/module/jackson-module-parameter-names/2.13.1/jackson-module-parameter-names-2.13.1.jar:/Users/maxkuznetsov/.m2/repository/org/springframework/boot/spring-boot-starter-tomcat/2.6.2/spring-boot-starter-tomcat-2.6.2.jar:/Users/maxkuznetsov/.m2/repository/org/apache/tomcat/embed/tomcat-embed-core/9.0.56/tomcat-embed-core-9.0.56.jar:/Users/maxkuznetsov/.m2/repository/org/apache/tomcat/embed/tomcat-embed-websocket/9.0.56/tomcat-embed-websocket-9.0.56.jar:/Users/maxkuznetsov/.m2/repository/org/springframework/spring-web/5.3.14/spring-web-5.3.14.jar:/Users/maxkuznetsov/.m2/repository/org/springframework/spring-beans/5.3.14/spring-beans-5.3.14.jar:/Users/maxkuznetsov/.m2/repository/org/springframework/spring-webmvc/5.3.14/spring-webmvc-5.3.14.jar:/Users/maxkuznetsov/.m2/repository/org/springframework/spring-aop/5.3.14/spring-aop-5.3.14.jar:/Users/maxkuznetsov/.m2/repository/org/springframework/spring-context/5.3.14/spring-context-5.3.14.jar:/Users/maxkuznetsov/.m2/repository/org/springframework/spring-expression/5.3.14/spring-expression-5.3.14.jar:/Users/maxkuznetsov/.m2/repository/org/springframework/boot/spring-boot-starter-test/2.6.2/spring-boot-starter-test-2.6.2.jar:/Users/maxkuznetsov/.m2/repository/org/springframework/boot/spring-boot-test/2.6.2/spring-boot-test-2.6.2.jar:/Users/maxkuznetsov/.m2/repository/org/springframework/boot/spring-boot-test-autoconfigure/2.6.2/spring-boot-test-autoconfigure-2.6.2.jar:/Users/maxkuznetsov/.m2/repository/com/jayway/jsonpath/json-path/2.6.0/json-path-2.6.0.jar:/Users/maxkuznetsov/.m2/repository/net/minidev/json-smart/2.4.7/json-smart-2.4.7.jar:/Users/maxkuznetsov/.m2/repository/net/minidev/accessors-smart/2.4.7/accessors-smart-2.4.7.jar:/Users/maxkuznetsov/.m2/repository/org/ow2/asm/asm/9.1/asm-9.1.jar:/Users/maxkuznetsov/.m2/repository/org/slf4j/slf4j-api/1.7.32/slf4j-api-1.7.32.jar:/Users/maxkuznetsov/.m2/repository/jakarta/xml/bind/jakarta.xml.bind-api/2.3.3/jakarta.xml.bind-api-2.3.3.jar:/Users/maxkuznetsov/.m2/repository/jakarta/activation/jakarta.activation-api/1.2.2/jakarta.activation-api-1.2.2.jar:/Users/maxkuznetsov/.m2/repository/org/assertj/assertj-core/3.21.0/assertj-core-3.21.0.jar:/Users/maxkuznetsov/.m2/repository/org/hamcrest/hamcrest/2.2/hamcrest-2.2.jar:/Users/maxkuznetsov/.m2/repository/org/junit/jupiter/junit-jupiter/5.8.2/junit-jupiter-5.8.2.jar:/Users/maxkuznetsov/.m2/repository/org/junit/jupiter/junit-jupiter-api/5.8.2/junit-jupiter-api-5.8.2.jar:/Users/maxkuznetsov/.m2/repository/org/opentest4j/opentest4j/1.2.0/opentest4j-1.2.0.jar:/Users/maxkuznetsov/.m2/repository/org/junit/platform/junit-platform-commons/1.8.2/junit-platform-commons-1.8.2.jar:/Users/maxkuznetsov/.m2/repository/org/apiguardian/apiguardian-api/1.1.2/apiguardian-api-1.1.2.jar:/Users/maxkuznetsov/.m2/repository/org/junit/jupiter/junit-jupiter-params/5.8.2/junit-jupiter-params-5.8.2.jar:/Users/maxkuznetsov/.m2/repository/org/junit/jupiter/junit-jupiter-engine/5.8.2/junit-jupiter-engine-5.8.2.jar:/Users/maxkuznetsov/.m2/repository/org/junit/platform/junit-platform-engine/1.8.2/junit-platform-engine-1.8.2.jar:/Users/maxkuznetsov/.m2/repository/org/mockito/mockito-core/4.0.0/mockito-core-4.0.0.jar:/Users/maxkuznetsov/.m2/repository/net/bytebuddy/byte-buddy/1.11.22/byte-buddy-1.11.22.jar:/Users/maxkuznetsov/.m2/repository/net/bytebuddy/byte-buddy-agent/1.11.22/byte-buddy-agent-1.11.22.jar:/Users/maxkuznetsov/.m2/repository/org/objenesis/objenesis/3.2/objenesis-3.2.jar:/Users/maxkuznetsov/.m2/repository/org/mockito/mockito-junit-jupiter/4.0.0/mockito-junit-jupiter-4.0.0.jar:/Users/maxkuznetsov/.m2/repository/org/skyscreamer/jsonassert/1.5.0/jsonassert-1.5.0.jar:/Users/maxkuznetsov/.m2/repository/com/vaadin/external/google/android-json/0.0.20131108.vaadin1/android-json-0.0.20131108.vaadin1.jar:/Users/maxkuznetsov/.m2/repository/org/springframework/spring-core/5.3.14/spring-core-5.3.14.jar:/Users/maxkuznetsov/.m2/repository/org/springframework/spring-jcl/5.3.14/spring-jcl-5.3.14.jar:/Users/maxkuznetsov/.m2/repository/org/springframework/spring-test/5.3.14/spring-test-5.3.14.jar:/Users/maxkuznetsov/.m2/repository/org/xmlunit/xmlunit-core/2.8.4/xmlunit-core-2.8.4.jar:/Users/maxkuznetsov/.m2/repository/org/projectlombok/lombok/1.18.22/lombok-1.18.22.jar:/Users/maxkuznetsov/.m2/repository/org/springframework/boot/spring-boot-starter-data-jpa/2.6.2/spring-boot-starter-data-jpa-2.6.2.jar:/Users/maxkuznetsov/.m2/repository/org/springframework/boot/spring-boot-starter-aop/2.6.2/spring-boot-starter-aop-2.6.2.jar:/Users/maxkuznetsov/.m2/repository/org/aspectj/aspectjweaver/1.9.7/aspectjweaver-1.9.7.jar:/Users/maxkuznetsov/.m2/repository/org/springframework/boot/spring-boot-starter-jdbc/2.6.2/spring-boot-starter-jdbc-2.6.2.jar:/Users/maxkuznetsov/.m2/repository/com/zaxxer/HikariCP/4.0.3/HikariCP-4.0.3.jar:/Users/maxkuznetsov/.m2/repository/org/springframework/spring-jdbc/5.3.14/spring-jdbc-5.3.14.jar:/Users/maxkuznetsov/.m2/repository/jakarta/transaction/jakarta.transaction-api/1.3.3/jakarta.transaction-api-1.3.3.jar:/Users/maxkuznetsov/.m2/repository/jakarta/persistence/jakarta.persistence-api/2.2.3/jakarta.persistence-api-2.2.3.jar:/Users/maxkuznetsov/.m2/repository/org/hibernate/hibernate-core/5.6.3.Final/hibernate-core-5.6.3.Final.jar:/Users/maxkuznetsov/.m2/repository/org/jboss/logging/jboss-logging/3.4.2.Final/jboss-logging-3.4.2.Final.jar:/Users/maxkuznetsov/.m2/repository/antlr/antlr/2.7.7/antlr-2.7.7.jar:/Users/maxkuznetsov/.m2/repository/org/jboss/jandex/2.2.3.Final/jandex-2.2.3.Final.jar:/Users/maxkuznetsov/.m2/repository/com/fasterxml/classmate/1.5.1/classmate-1.5.1.jar:/Users/maxkuznetsov/.m2/repository/org/hibernate/common/hibernate-commons-annotations/5.1.2.Final/hibernate-commons-annotations-5.1.2.Final.jar:/Users/maxkuznetsov/.m2/repository/org/glassfish/jaxb/jaxb-runtime/2.3.5/jaxb-runtime-2.3.5.jar:/Users/maxkuznetsov/.m2/repository/org/glassfish/jaxb/txw2/2.3.5/txw2-2.3.5.jar:/Users/maxkuznetsov/.m2/repository/com/sun/istack/istack-commons-runtime/3.0.12/istack-commons-runtime-3.0.12.jar:/Users/maxkuznetsov/.m2/repository/com/sun/activation/jakarta.activation/1.2.2/jakarta.activation-1.2.2.jar:/Users/maxkuznetsov/.m2/repository/org/springframework/data/spring-data-jpa/2.6.0/spring-data-jpa-2.6.0.jar:/Users/maxkuznetsov/.m2/repository/org/springframework/data/spring-data-commons/2.6.0/spring-data-commons-2.6.0.jar:/Users/maxkuznetsov/.m2/repository/org/springframework/spring-orm/5.3.14/spring-orm-5.3.14.jar:/Users/maxkuznetsov/.m2/repository/org/springframework/spring-tx/5.3.14/spring-tx-5.3.14.jar:/Users/maxkuznetsov/.m2/repository/org/springframework/spring-aspects/5.3.14/spring-aspects-5.3.14.jar:/Users/maxkuznetsov/.m2/repository/org/postgresql/postgresql/42.3.1/postgresql-42.3.1.jar:/Users/maxkuznetsov/.m2/repository/org/checkerframework/checker-qual/3.5.0/checker-qual-3.5.0.jar:/Users/maxkuznetsov/.m2/repository/com/fasterxml/jackson/core/jackson-databind/2.13.0/jackson-databind-2.13.0.jar:/Users/maxkuznetsov/.m2/repository/com/fasterxml/jackson/core/jackson-annotations/2.13.1/jackson-annotations-2.13.1.jar:/Users/maxkuznetsov/.m2/repository/com/fasterxml/jackson/core/jackson-core/2.13.1/jackson-core-2.13.1.jar:/Users/maxkuznetsov/.m2/repository/commons-codec/commons-codec/1.11/commons-codec-1.11.jar:/Users/maxkuznetsov/.m2/repository/org/springframework/boot/spring-boot-starter-jta-atomikos/2.6.2/spring-boot-starter-jta-atomikos-2.6.2.jar:/Users/maxkuznetsov/.m2/repository/com/atomikos/transactions-jms/4.0.6/transactions-jms-4.0.6.jar:/Users/maxkuznetsov/.m2/repository/com/atomikos/transactions-jta/4.0.6/transactions-jta-4.0.6.jar:/Users/maxkuznetsov/.m2/repository/com/atomikos/transactions-api/4.0.6/transactions-api-4.0.6.jar:/Users/maxkuznetsov/.m2/repository/com/atomikos/transactions/4.0.6/transactions-4.0.6.jar:/Users/maxkuznetsov/.m2/repository/com/atomikos/atomikos-util/4.0.6/atomikos-util-4.0.6.jar:/Users/maxkuznetsov/.m2/repository/com/atomikos/transactions-jdbc/4.0.6/transactions-jdbc-4.0.6.jar:/Users/maxkuznetsov/.m2/repository/org/springframework/boot/spring-boot-starter-validation/2.6.2/spring-boot-starter-validation-2.6.2.jar:/Users/maxkuznetsov/.m2/repository/org/apache/tomcat/embed/tomcat-embed-el/9.0.56/tomcat-embed-el-9.0.56.jar:/Users/maxkuznetsov/.m2/repository/org/hibernate/validator/hibernate-validator/6.2.0.Final/hibernate-validator-6.2.0.Final.jar:/Users/maxkuznetsov/.m2/repository/jakarta/validation/jakarta.validation-api/2.0.2/jakarta.validation-api-2.0.2.jar:"/>
    <property name="java.vm.vendor" value="Oracle Corporation"/>
    <property name="sun.arch.data.model" value="64"/>
    <property name="java.vendor.url" value="https://java.oracle.com/"/>
    <property name="os.name" value="Mac OS X"/>
    <property name="java.vm.specification.version" value="19"/>
    <property name="sun.java.launcher" value="SUN_STANDARD"/>
    <property name="user.country" value="RU"/>
    <property name="sun.boot.library.path" value="/Users/maxkuznetsov/Library/Java/JavaVirtualMachines/openjdk-19.0.2/Contents/Home/lib"/>
    <property name="sun.java.command" value="/Users/maxkuznetsov/Desktop/GitHub Desktop Folders/soa-3/routes/target/surefire/surefirebooter510364997177759200.jar /Users/maxkuznetsov/Desktop/GitHub Desktop Folders/soa-3/routes/target/surefire 2024-01-19T18-08-23_257-jvmRun1 surefire5740183577783188849tmp surefire_04415869233661978388tmp"/>
    <property name="http.nonProxyHosts" value="local|*.local|169.254/16|*.169.254/16"/>
    <property name="jdk.debug" value="release"/>
    <property name="surefire.test.class.path" value="/Users/maxkuznetsov/Desktop/GitHub Desktop Folders/soa-3/routes/target/test-classes:/Users/maxkuznetsov/Desktop/GitHub Desktop Folders/soa-3/routes/target/classes:/Users/maxkuznetsov/.m2/repository/org/springframework/cloud/spring-cloud-starter-consul-discovery/3.1.4/spring-cloud-starter-consul-discovery-3.1.4.jar:/Users/maxkuznetsov/.m2/repository/org/springframework/cloud/spring-cloud-starter-consul/3.1.4/spring-cloud-starter-consul-3.1.4.jar:/Users/maxkuznetsov/.m2/repository/org/springframework/cloud/spring-cloud-starter/3.1.7/spring-cloud-starter-3.1.7.jar:/Users/maxkuznetsov/.m2/repository/org/springframework/cloud/spring-cloud-context/3.1.7/spring-cloud-context-3.1.7.jar:/Users/maxkuznetsov/.m2/repository/org/springframework/security/spring-security-crypto/5.6.1/spring-security-crypto-5.6.1.jar:/Users/maxkuznetsov/.m2/repository/org/springframework/cloud/spring-cloud-commons/3.1.7/spring-cloud-commons-3.1.7.jar:/Users/maxkuznetsov/.m2/repository/org/springframework/security/spring-security-rsa/1.0.11.RELEASE/spring-security-rsa-1.0.11.RELEASE.jar:/Users/maxkuznetsov/.m2/repository/org/bouncycastle/bcpkix-jdk15on/1.69/bcpkix-jdk15on-1.69.jar:/Users/maxkuznetsov/.m2/repository/org/bouncycastle/bcprov-jdk15on/1.69/bcprov-jdk15on-1.69.jar:/Users/maxkuznetsov/.m2/repository/org/bouncycastle/bcutil-jdk15on/1.69/bcutil-jdk15on-1.69.jar:/Users/maxkuznetsov/.m2/repository/org/springframework/cloud/spring-cloud-consul-core/3.1.4/spring-cloud-consul-core-3.1.4.jar:/Users/maxkuznetsov/.m2/repository/com/ecwid/consul/consul-api/1.4.5/consul-api-1.4.5.jar:/Users/maxkuznetsov/.m2/repository/com/google/code/gson/gson/2.8.9/gson-2.8.9.jar:/Users/maxkuznetsov/.m2/repository/org/apache/httpcomponents/httpclient/4.5.13/httpclient-4.5.13.jar:/Users/maxkuznetsov/.m2/repository/org/apache/httpcomponents/httpcore/4.4.15/httpcore-4.4.15.jar:/Users/maxkuznetsov/.m2/repository/org/springframework/cloud/spring-cloud-consul-discovery/3.1.4/spring-cloud-consul-discovery-3.1.4.jar:/Users/maxkuznetsov/.m2/repository/org/springframework/cloud/spring-cloud-starter-loadbalancer/3.1.7/spring-cloud-starter-loadbalancer-3.1.7.jar:/Users/maxkuznetsov/.m2/repository/org/springframework/cloud/spring-cloud-loadbalancer/3.1.7/spring-cloud-loadbalancer-3.1.7.jar:/Users/maxkuznetsov/.m2/repository/io/projectreactor/reactor-core/3.4.13/reactor-core-3.4.13.jar:/Users/maxkuznetsov/.m2/repository/org/reactivestreams/reactive-streams/1.0.3/reactive-streams-1.0.3.jar:/Users/maxkuznetsov/.m2/repository/io/projectreactor/addons/reactor-extra/3.4.6/reactor-extra-3.4.6.jar:/Users/maxkuznetsov/.m2/repository/org/springframework/boot/spring-boot-starter-cache/2.6.2/spring-boot-starter-cache-2.6.2.jar:/Users/maxkuznetsov/.m2/repository/org/springframework/spring-context-support/5.3.14/spring-context-support-5.3.14.jar:/Users/maxkuznetsov/.m2/repository/com/stoyanr/evictor/1.0.0/evictor-1.0.0.jar:/Users/maxkuznetsov/.m2/repository/org/springframework/boot/spring-boot-starter-actuator/2.6.2/spring-boot-starter-actuator-2.6.2.jar:/Users/maxkuznetsov/.m2/repository/org/springframework/boot/spring-boot-starter/2.6.2/spring-boot-starter-2.6.2.jar:/Users/maxkuznetsov/.m2/repository/org/springframework/boot/spring-boot/2.6.2/spring-boot-2.6.2.jar:/Users/maxkuznetsov/.m2/repository/org/springframework/boot/spring-boot-autoconfigure/2.6.2/spring-boot-autoconfigure-2.6.2.jar:/Users/maxkuznetsov/.m2/repository/org/springframework/boot/spring-boot-starter-logging/2.6.2/spring-boot-starter-logging-2.6.2.jar:/Users/maxkuznetsov/.m2/repository/ch/qos/logback/logback-classic/1.2.9/logback-classic-1.2.9.jar:/Users/maxkuznetsov/.m2/repository/ch/qos/logback/logback-core/1.2.9/logback-core-1.2.9.jar:/Users/maxkuznetsov/.m2/repository/org/apache/logging/log4j/log4j-to-slf4j/2.17.0/log4j-to-slf4j-2.17.0.jar:/Users/maxkuznetsov/.m2/repository/org/apache/logging/log4j/log4j-api/2.17.0/log4j-api-2.17.0.jar:/Users/maxkuznetsov/.m2/repository/org/slf4j/jul-to-slf4j/1.7.32/jul-to-slf4j-1.7.32.jar:/Users/maxkuznetsov/.m2/repository/jakarta/annotation/jakarta.annotation-api/1.3.5/jakarta.annotation-api-1.3.5.jar:/Users/maxkuznetsov/.m2/repository/org/yaml/snakeyaml/1.29/snakeyaml-1.29.jar:/Users/maxkuznetsov/.m2/repository/org/springframework/boot/spring-boot-actuator-autoconfigure/2.6.2/spring-boot-actuator-autoconfigure-2.6.2.jar:/Users/maxkuznetsov/.m2/repository/org/springframework/boot/spring-boot-actuator/2.6.2/spring-boot-actuator-2.6.2.jar:/Users/maxkuznetsov/.m2/repository/com/fasterxml/jackson/datatype/jackson-datatype-jsr310/2.13.1/jackson-datatype-jsr310-2.13.1.jar:/Users/maxkuznetsov/.m2/repository/io/micrometer/micrometer-core/1.8.1/micrometer-core-1.8.1.jar:/Users/maxkuznetsov/.m2/repository/org/hdrhistogram/HdrHistogram/2.1.12/HdrHistogram-2.1.12.jar:/Users/maxkuznetsov/.m2/repository/org/latencyutils/LatencyUtils/2.0.3/LatencyUtils-2.0.3.jar:/Users/maxkuznetsov/.m2/repository/org/springframework/boot/spring-boot-starter-web/2.6.2/spring-boot-starter-web-2.6.2.jar:/Users/maxkuznetsov/.m2/repository/org/springframework/boot/spring-boot-starter-json/2.6.2/spring-boot-starter-json-2.6.2.jar:/Users/maxkuznetsov/.m2/repository/com/fasterxml/jackson/datatype/jackson-datatype-jdk8/2.13.1/jackson-datatype-jdk8-2.13.1.jar:/Users/maxkuznetsov/.m2/repository/com/fasterxml/jackson/module/jackson-module-parameter-names/2.13.1/jackson-module-parameter-names-2.13.1.jar:/Users/maxkuznetsov/.m2/repository/org/springframework/boot/spring-boot-starter-tomcat/2.6.2/spring-boot-starter-tomcat-2.6.2.jar:/Users/maxkuznetsov/.m2/repository/org/apache/tomcat/embed/tomcat-embed-core/9.0.56/tomcat-embed-core-9.0.56.jar:/Users/maxkuznetsov/.m2/repository/org/apache/tomcat/embed/tomcat-embed-websocket/9.0.56/tomcat-embed-websocket-9.0.56.jar:/Users/maxkuznetsov/.m2/repository/org/springframework/spring-web/5.3.14/spring-web-5.3.14.jar:/Users/maxkuznetsov/.m2/repository/org/springframework/spring-beans/5.3.14/spring-beans-5.3.14.jar:/Users/maxkuznetsov/.m2/repository/org/springframework/spring-webmvc/5.3.14/spring-webmvc-5.3.14.jar:/Users/maxkuznetsov/.m2/repository/org/springframework/spring-aop/5.3.14/spring-aop-5.3.14.jar:/Users/maxkuznetsov/.m2/repository/org/springframework/spring-context/5.3.14/spring-context-5.3.14.jar:/Users/maxkuznetsov/.m2/repository/org/springframework/spring-expression/5.3.14/spring-expression-5.3.14.jar:/Users/maxkuznetsov/.m2/repository/org/springframework/boot/spring-boot-starter-test/2.6.2/spring-boot-starter-test-2.6.2.jar:/Users/maxkuznetsov/.m2/repository/org/springframework/boot/spring-boot-test/2.6.2/spring-boot-test-2.6.2.jar:/Users/maxkuznetsov/.m2/repository/org/springframework/boot/spring-boot-test-autoconfigure/2.6.2/spring-boot-test-autoconfigure-2.6.2.jar:/Users/maxkuznetsov/.m2/repository/com/jayway/jsonpath/json-path/2.6.0/json-path-2.6.0.jar:/Users/maxkuznetsov/.m2/repository/net/minidev/json-smart/2.4.7/json-smart-2.4.7.jar:/Users/maxkuznetsov/.m2/repository/net/minidev/accessors-smart/2.4.7/accessors-smart-2.4.7.jar:/Users/maxkuznetsov/.m2/repository/org/ow2/asm/asm/9.1/asm-9.1.jar:/Users/maxkuznetsov/.m2/repository/org/slf4j/slf4j-api/1.7.32/slf4j-api-1.7.32.jar:/Users/maxkuznetsov/.m2/repository/jakarta/xml/bind/jakarta.xml.bind-api/2.3.3/jakarta.xml.bind-api-2.3.3.jar:/Users/maxkuznetsov/.m2/repository/jakarta/activation/jakarta.activation-api/1.2.2/jakarta.activation-api-1.2.2.jar:/Users/maxkuznetsov/.m2/repository/org/assertj/assertj-core/3.21.0/assertj-core-3.21.0.jar:/Users/maxkuznetsov/.m2/repository/org/hamcrest/hamcrest/2.2/hamcrest-2.2.jar:/Users/maxkuznetsov/.m2/repository/org/junit/jupiter/junit-jupiter/5.8.2/junit-jupiter-5.8.2.jar:/Users/maxkuznetsov/.m2/repository/org/junit/jupiter/junit-jupiter-api/5.8.2/junit-jupiter-api-5.8.2.jar:/Users/maxkuznetsov/.m2/repository/org/opentest4j/opentest4j/1.2.0/opentest4j-1.2.0.jar:/Users/maxkuznetsov/.m2/repository/org/junit/platform/junit-platform-commons/1.8.2/junit-platform-commons-1.8.2.jar:/Users/maxkuznetsov/.m2/repository/org/apiguardian/apiguardian-api/1.1.2/apiguardian-api-1.1.2.jar:/Users/maxkuznetsov/.m2/repository/org/junit/jupiter/junit-jupiter-params/5.8.2/junit-jupiter-params-5.8.2.jar:/Users/maxkuznetsov/.m2/repository/org/junit/jupiter/junit-jupiter-engine/5.8.2/junit-jupiter-engine-5.8.2.jar:/Users/maxkuznetsov/.m2/repository/org/junit/platform/junit-platform-engine/1.8.2/junit-platform-engine-1.8.2.jar:/Users/maxkuznetsov/.m2/repository/org/mockito/mockito-core/4.0.0/mockito-core-4.0.0.jar:/Users/maxkuznetsov/.m2/repository/net/bytebuddy/byte-buddy/1.11.22/byte-buddy-1.11.22.jar:/Users/maxkuznetsov/.m2/repository/net/bytebuddy/byte-buddy-agent/1.11.22/byte-buddy-agent-1.11.22.jar:/Users/maxkuznetsov/.m2/repository/org/objenesis/objenesis/3.2/objenesis-3.2.jar:/Users/maxkuznetsov/.m2/repository/org/mockito/mockito-junit-jupiter/4.0.0/mockito-junit-jupiter-4.0.0.jar:/Users/maxkuznetsov/.m2/repository/org/skyscreamer/jsonassert/1.5.0/jsonassert-1.5.0.jar:/Users/maxkuznetsov/.m2/repository/com/vaadin/external/google/android-json/0.0.20131108.vaadin1/android-json-0.0.20131108.vaadin1.jar:/Users/maxkuznetsov/.m2/repository/org/springframework/spring-core/5.3.14/spring-core-5.3.14.jar:/Users/maxkuznetsov/.m2/repository/org/springframework/spring-jcl/5.3.14/spring-jcl-5.3.14.jar:/Users/maxkuznetsov/.m2/repository/org/springframework/spring-test/5.3.14/spring-test-5.3.14.jar:/Users/maxkuznetsov/.m2/repository/org/xmlunit/xmlunit-core/2.8.4/xmlunit-core-2.8.4.jar:/Users/maxkuznetsov/.m2/repository/org/projectlombok/lombok/1.18.22/lombok-1.18.22.jar:/Users/maxkuznetsov/.m2/repository/org/springframework/boot/spring-boot-starter-data-jpa/2.6.2/spring-boot-starter-data-jpa-2.6.2.jar:/Users/maxkuznetsov/.m2/repository/org/springframework/boot/spring-boot-starter-aop/2.6.2/spring-boot-starter-aop-2.6.2.jar:/Users/maxkuznetsov/.m2/repository/org/aspectj/aspectjweaver/1.9.7/aspectjweaver-1.9.7.jar:/Users/maxkuznetsov/.m2/repository/org/springframework/boot/spring-boot-starter-jdbc/2.6.2/spring-boot-starter-jdbc-2.6.2.jar:/Users/maxkuznetsov/.m2/repository/com/zaxxer/HikariCP/4.0.3/HikariCP-4.0.3.jar:/Users/maxkuznetsov/.m2/repository/org/springframework/spring-jdbc/5.3.14/spring-jdbc-5.3.14.jar:/Users/maxkuznetsov/.m2/repository/jakarta/transaction/jakarta.transaction-api/1.3.3/jakarta.transaction-api-1.3.3.jar:/Users/maxkuznetsov/.m2/repository/jakarta/persistence/jakarta.persistence-api/2.2.3/jakarta.persistence-api-2.2.3.jar:/Users/maxkuznetsov/.m2/repository/org/hibernate/hibernate-core/5.6.3.Final/hibernate-core-5.6.3.Final.jar:/Users/maxkuznetsov/.m2/repository/org/jboss/logging/jboss-logging/3.4.2.Final/jboss-logging-3.4.2.Final.jar:/Users/maxkuznetsov/.m2/repository/antlr/antlr/2.7.7/antlr-2.7.7.jar:/Users/maxkuznetsov/.m2/repository/org/jboss/jandex/2.2.3.Final/jandex-2.2.3.Final.jar:/Users/maxkuznetsov/.m2/repository/com/fasterxml/classmate/1.5.1/classmate-1.5.1.jar:/Users/maxkuznetsov/.m2/repository/org/hibernate/common/hibernate-commons-annotations/5.1.2.Final/hibernate-commons-annotations-5.1.2.Final.jar:/Users/maxkuznetsov/.m2/repository/org/glassfish/jaxb/jaxb-runtime/2.3.5/jaxb-runtime-2.3.5.jar:/Users/maxkuznetsov/.m2/repository/org/glassfish/jaxb/txw2/2.3.5/txw2-2.3.5.jar:/Users/maxkuznetsov/.m2/repository/com/sun/istack/istack-commons-runtime/3.0.12/istack-commons-runtime-3.0.12.jar:/Users/maxkuznetsov/.m2/repository/com/sun/activation/jakarta.activation/1.2.2/jakarta.activation-1.2.2.jar:/Users/maxkuznetsov/.m2/repository/org/springframework/data/spring-data-jpa/2.6.0/spring-data-jpa-2.6.0.jar:/Users/maxkuznetsov/.m2/repository/org/springframework/data/spring-data-commons/2.6.0/spring-data-commons-2.6.0.jar:/Users/maxkuznetsov/.m2/repository/org/springframework/spring-orm/5.3.14/spring-orm-5.3.14.jar:/Users/maxkuznetsov/.m2/repository/org/springframework/spring-tx/5.3.14/spring-tx-5.3.14.jar:/Users/maxkuznetsov/.m2/repository/org/springframework/spring-aspects/5.3.14/spring-aspects-5.3.14.jar:/Users/maxkuznetsov/.m2/repository/org/postgresql/postgresql/42.3.1/postgresql-42.3.1.jar:/Users/maxkuznetsov/.m2/repository/org/checkerframework/checker-qual/3.5.0/checker-qual-3.5.0.jar:/Users/maxkuznetsov/.m2/repository/com/fasterxml/jackson/core/jackson-databind/2.13.0/jackson-databind-2.13.0.jar:/Users/maxkuznetsov/.m2/repository/com/fasterxml/jackson/core/jackson-annotations/2.13.1/jackson-annotations-2.13.1.jar:/Users/maxkuznetsov/.m2/repository/com/fasterxml/jackson/core/jackson-core/2.13.1/jackson-core-2.13.1.jar:/Users/maxkuznetsov/.m2/repository/commons-codec/commons-codec/1.11/commons-codec-1.11.jar:/Users/maxkuznetsov/.m2/repository/org/springframework/boot/spring-boot-starter-jta-atomikos/2.6.2/spring-boot-starter-jta-atomikos-2.6.2.jar:/Users/maxkuznetsov/.m2/repository/com/atomikos/transactions-jms/4.0.6/transactions-jms-4.0.6.jar:/Users/maxkuznetsov/.m2/repository/com/atomikos/transactions-jta/4.0.6/transactions-jta-4.0.6.jar:/Users/maxkuznetsov/.m2/repository/com/atomikos/transactions-api/4.0.6/transactions-api-4.0.6.jar:/Users/maxkuznetsov/.m2/repository/com/atomikos/transactions/4.0.6/transactions-4.0.6.jar:/Users/maxkuznetsov/.m2/repository/com/atomikos/atomikos-util/4.0.6/atomikos-util-4.0.6.jar:/Users/maxkuznetsov/.m2/repository/com/atomikos/transactions-jdbc/4.0.6/transactions-jdbc-4.0.6.jar:/Users/maxkuznetsov/.m2/repository/org/springframework/boot/spring-boot-starter-validation/2.6.2/spring-boot-starter-validation-2.6.2.jar:/Users/maxkuznetsov/.m2/repository/org/apache/tomcat/embed/tomcat-embed-el/9.0.56/tomcat-embed-el-9.0.56.jar:/Users/maxkuznetsov/.m2/repository/org/hibernate/validator/hibernate-validator/6.2.0.Final/hibernate-validator-6.2.0.Final.jar:/Users/maxkuznetsov/.m2/repository/jakarta/validation/jakarta.validation-api/2.0.2/jakarta.validation-api-2.0.2.jar:"/>
    <property name="sun.cpu.endian" value="little"/>
    <property name="user.home" value="/Users/maxkuznetsov"/>
    <property name="user.language" value="ru"/>
    <property name="java.specification.vendor" value="Oracle Corporation"/>
    <property name="java.version.date" value="2023-01-17"/>
    <property name="java.home" value="/Users/maxkuznetsov/Library/Java/JavaVirtualMachines/openjdk-19.0.2/Contents/Home"/>
    <property name="file.separator" value="/"/>
    <property name="basedir" value="/Users/maxkuznetsov/Desktop/GitHub Desktop Folders/soa-3/routes"/>
    <property name="java.vm.compressedOopsMode" value="Zero based"/>
    <property name="line.separator" value="&#10;"/>
    <property name="java.vm.specification.vendor" value="Oracle Corporation"/>
    <property name="java.specification.name" value="Java Platform API Specification"/>
    <property name="apple.awt.application.name" value="ForkedBooter"/>
    <property name="surefire.real.class.path" value="/Users/maxkuznetsov/Desktop/GitHub Desktop Folders/soa-3/routes/target/surefire/surefirebooter510364997177759200.jar"/>
    <property name="sun.management.compiler" value="HotSpot 64-Bit Tiered Compilers"/>
    <property name="ftp.nonProxyHosts" value="local|*.local|169.254/16|*.169.254/16"/>
    <property name="java.runtime.version" value="19.0.2+7-44"/>
    <property name="user.name" value="maxkuznetsov"/>
    <property name="stdout.encoding" value="UTF-8"/>
    <property name="path.separator" value=":"/>
    <property name="os.version" value="14.1.2"/>
    <property name="java.runtime.name" value="OpenJDK Runtime Environment"/>
    <property name="file.encoding" value="UTF-8"/>
    <property name="java.vm.name" value="OpenJDK 64-Bit Server VM"/>
    <property name="localRepository" value="/Users/maxkuznetsov/.m2/repository"/>
    <property name="java.vendor.url.bug" value="https://bugreport.java.com/bugreport/"/>
    <property name="java.io.tmpdir" value="/var/folders/0p/4df2c4xj1tx5m78dxm5l5by00000gn/T/"/>
    <property name="idea.version" value="2023.2.2"/>
    <property name="java.version" value="19.0.2"/>
    <property name="user.dir" value="/Users/maxkuznetsov/Desktop/GitHub Desktop Folders/soa-3/routes"/>
    <property name="os.arch" value="aarch64"/>
    <property name="java.vm.specification.name" value="Java Virtual Machine Specification"/>
    <property name="native.encoding" value="UTF-8"/>
    <property name="java.library.path" value="/Users/maxkuznetsov/Library/Java/Extensions:/Library/Java/Extensions:/Network/Library/Java/Extensions:/System/Library/Java/Extensions:/usr/lib/java:."/>
    <property name="java.vm.info" value="mixed mode, sharing"/>
    <property name="stderr.encoding" value="UTF-8"/>
    <property name="java.vendor" value="Oracle Corporation"/>
    <property name="java.vm.version" value="19.0.2+7-44"/>
    <property name="sun.io.unicode.encoding" value="UnicodeBig"/>
    <property name="socksNonProxyHosts" value="local|*.local|169.254/16|*.169.254/16"/>
    <property name="java.class.version" value="63.0"/>
  </properties>
  <testcase name="contextLoads" classname="com.example.routes.RoutesApplicationTests" time="0.157"/>
</testsuite>